\BOOKMARK [0][-]{chapter*.1}{\376\377\000A\000P\000P\000R\000O\000V\000A\000L}{}% 1
\BOOKMARK [0][-]{chapter*.2}{\376\377\000D\000E\000C\000L\000A\000R\000A\000T\000I\000O\000N}{}% 2
\BOOKMARK [0][-]{chapter*.3}{\376\377\000A\000C\000K\000N\000O\000W\000L\000E\000D\000G\000E\000M\000E\000N\000T}{}% 3
\BOOKMARK [0][-]{chapter*.3}{\376\377\000L\000i\000s\000t\000\040\000o\000f\000\040\000T\000a\000b\000l\000e\000s}{}% 4
\BOOKMARK [0][-]{chapter*.3}{\376\377\000L\000i\000s\000t\000\040\000o\000f\000\040\000F\000i\000g\000u\000r\000e\000s}{}% 5
\BOOKMARK [0][-]{chapter*.4}{\376\377\000L\000i\000s\000t\000\040\000o\000f\000\040\000A\000c\000r\000o\000n\000y\000m\000s}{}% 6
\BOOKMARK [0][-]{chapter*.5}{\376\377\000A\000B\000S\000T\000R\000A\000C\000T}{}% 7
\BOOKMARK [0][-]{chapter*.6}{\376\377\000T\000e\000a\000m\000\040\000M\000e\000m\000b\000e\000r\000s}{}% 8
\BOOKMARK [0][-]{chapter.1}{\376\377\000P\000r\000o\000j\000e\000c\000t\000\040\000I\000n\000i\000t\000i\000a\000t\000i\000o\000n\000\040\000\046\000\040\000P\000r\000o\000b\000l\000e\000m\000\040\000D\000e\000f\000i\000n\000i\000t\000i\000o\000n}{}% 9
\BOOKMARK [1][-]{section.1.1}{\376\377\000P\000r\000o\000j\000e\000c\000t\000\040\000T\000i\000t\000l\000e\000\040\000\046\000\040\000T\000a\000g\000l\000i\000n\000e}{chapter.1}% 10
\BOOKMARK [1][-]{section.1.2}{\376\377\000P\000r\000o\000b\000l\000e\000m\000\040\000S\000t\000a\000t\000e\000m\000e\000n\000t}{chapter.1}% 11
\BOOKMARK [1][-]{section.1.3}{\376\377\000C\000a\000s\000e\000\040\000S\000t\000u\000d\000y\000:\000\040\000F\000e\000n\000i\000\040\000D\000i\000s\000t\000r\000i\000c\000t\000\040\000F\000l\000o\000o\000d\000s\000\040\000\050\0002\0000\0002\0004\000\040\000\046\000\040\0002\0000\0002\0005\000\051}{chapter.1}% 12
\BOOKMARK [1][-]{section.1.4}{\376\377\000V\000i\000s\000i\000o\000n\000\040\000\046\000\040\000M\000i\000s\000s\000i\000o\000n}{chapter.1}% 13
\BOOKMARK [1][-]{section.1.5}{\376\377\000P\000r\000o\000j\000e\000c\000t\000\040\000S\000c\000o\000p\000e}{chapter.1}% 14
\BOOKMARK [1][-]{section.1.6}{\376\377\000S\000M\000A\000R\000T\000\040\000O\000b\000j\000e\000c\000t\000i\000v\000e\000s}{chapter.1}% 15
\BOOKMARK [1][-]{section.1.7}{\376\377\000R\000i\000s\000k\000\040\000R\000e\000g\000i\000s\000t\000e\000r}{chapter.1}% 16
\BOOKMARK [1][-]{section.1.8}{\376\377\000T\000e\000a\000m\000\040\000F\000o\000r\000m\000a\000t\000i\000o\000n}{chapter.1}% 17
\BOOKMARK [0][-]{chapter.2}{\376\377\000S\000t\000a\000k\000e\000h\000o\000l\000d\000e\000r\000\040\000A\000n\000a\000l\000y\000s\000i\000s}{}% 18
\BOOKMARK [1][-]{section.2.1}{\376\377\000S\000t\000a\000k\000e\000h\000o\000l\000d\000e\000r\000\040\000I\000d\000e\000n\000t\000i\000f\000i\000c\000a\000t\000i\000o\000n}{chapter.2}% 19
\BOOKMARK [1][-]{section.2.2}{\376\377\000P\000o\000w\000e\000r\000-\000I\000n\000t\000e\000r\000e\000s\000t\000\040\000G\000r\000i\000d}{chapter.2}% 20
\BOOKMARK [1][-]{section.2.3}{\376\377\000U\000s\000e\000r\000\040\000P\000e\000r\000s\000o\000n\000s}{chapter.2}% 21
\BOOKMARK [2][-]{subsection.2.3.1}{\376\377\000P\000e\000r\000s\000o\000n\000\040\0001\000\040\040\024\000\040\000R\000a\000h\000i\000m\000\040\000U\000d\000d\000i\000n\000\040\000\050\000U\000P\000\040\000O\000f\000f\000i\000c\000i\000a\000l\000\051}{section.2.3}% 22
\BOOKMARK [2][-]{subsection.2.3.2}{\376\377\000P\000e\000r\000s\000o\000n\000\040\0002\000\040\040\024\000\040\000N\000a\000s\000r\000i\000n\000\040\000A\000k\000t\000e\000r\000\040\000\050\000N\000G\000O\000\040\000W\000o\000r\000k\000e\000r\000,\000\040\000B\000R\000A\000C\000\051}{section.2.3}% 23
\BOOKMARK [2][-]{subsection.2.3.3}{\376\377\000P\000e\000r\000s\000o\000n\000\040\0003\000\040\040\024\000\040\000K\000a\000m\000a\000l\000\040\000H\000o\000s\000s\000a\000i\000n\000\040\000\050\000U\000p\000a\000z\000i\000l\000a\000\040\000O\000f\000f\000i\000c\000e\000r\000\051}{section.2.3}% 24
\BOOKMARK [2][-]{subsection.2.3.4}{\376\377\000P\000e\000r\000s\000o\000n\000\040\0004\000\040\040\024\000\040\000F\000a\000t\000e\000m\000a\000\040\000B\000e\000g\000u\000m\000\040\000\050\000J\000o\000u\000r\000n\000a\000l\000i\000s\000t\000\040\000/\000\040\000P\000u\000b\000l\000i\000c\000\051}{section.2.3}% 25
\BOOKMARK [2][-]{subsection.2.3.5}{\376\377\000P\000e\000r\000s\000o\000n\000\040\0005\000\040\040\024\000\040\000A\000r\000i\000f\000\040\000H\000o\000s\000s\000a\000i\000n\000\040\000\050\000O\000u\000t\000s\000i\000d\000e\000\040\000I\000n\000d\000i\000v\000i\000d\000u\000a\000l\000\040\000D\000o\000n\000o\000r\000\051}{section.2.3}% 26
\BOOKMARK [1][-]{section.2.4}{\376\377\000S\000t\000a\000k\000e\000h\000o\000l\000d\000e\000r\000\040\000R\000e\000q\000u\000i\000r\000e\000m\000e\000n\000t\000s\000\040\000S\000u\000m\000m\000a\000r\000y}{chapter.2}% 27
\BOOKMARK [0][-]{chapter.3}{\376\377\000R\000e\000q\000u\000i\000r\000e\000m\000e\000n\000t\000s\000\040\000E\000n\000g\000i\000n\000e\000e\000r\000i\000n\000g\000\040\000\050\000S\000R\000S\000\051}{}% 28
\BOOKMARK [1][-]{section.3.1}{\376\377\000F\000u\000n\000c\000t\000i\000o\000n\000a\000l\000\040\000R\000e\000q\000u\000i\000r\000e\000m\000e\000n\000t\000s}{chapter.3}% 29
\BOOKMARK [2][-]{subsection.3.1.1}{\376\377\000A\000u\000t\000h\000e\000n\000t\000i\000c\000a\000t\000i\000o\000n\000\040\000\046\000\040\000U\000s\000e\000r\000\040\000M\000a\000n\000a\000g\000e\000m\000e\000n\000t\000\040\000\050\000F\000R\000-\0000\0001\000\040\000t\000o\000\040\000F\000R\000-\0000\0005\000\051}{section.3.1}% 30
\BOOKMARK [2][-]{subsection.3.1.2}{\376\377\000H\000o\000u\000s\000e\000h\000o\000l\000d\000\040\000R\000e\000g\000i\000s\000t\000r\000a\000t\000i\000o\000n\000\040\000\050\000F\000R\000-\0000\0006\000\040\000t\000o\000\040\000F\000R\000-\0001\0000\000\051}{section.3.1}% 31
\BOOKMARK [2][-]{subsection.3.1.3}{\376\377\000R\000e\000l\000i\000e\000f\000\040\000D\000i\000s\000t\000r\000i\000b\000u\000t\000i\000o\000n\000\040\000L\000o\000g\000g\000i\000n\000g\000\040\000\050\000F\000R\000-\0001\0001\000\040\000t\000o\000\040\000F\000R\000-\0001\0004\000\051}{section.3.1}% 32
\BOOKMARK [2][-]{subsection.3.1.4}{\376\377\000D\000u\000p\000l\000i\000c\000a\000t\000e\000\040\000D\000e\000t\000e\000c\000t\000i\000o\000n\000\040\000\050\000F\000R\000-\0001\0005\000\040\000t\000o\000\040\000F\000R\000-\0001\0008\000\051}{section.3.1}% 33
\BOOKMARK [2][-]{subsection.3.1.5}{\376\377\000P\000u\000b\000l\000i\000c\000\040\000D\000a\000s\000h\000b\000o\000a\000r\000d\000\040\000\050\000F\000R\000-\0001\0009\000\040\000t\000o\000\040\000F\000R\000-\0002\0002\000\051}{section.3.1}% 34
\BOOKMARK [2][-]{subsection.3.1.6}{\376\377\000R\000e\000p\000o\000r\000t\000i\000n\000g\000\040\000\046\000\040\000E\000x\000p\000o\000r\000t\000\040\000\050\000F\000R\000-\0002\0003\000\040\000t\000o\000\040\000F\000R\000-\0002\0004\000\051}{section.3.1}% 35
\BOOKMARK [2][-]{subsection.3.1.7}{\376\377\000S\000y\000n\000c\000\040\000\046\000\040\000O\000f\000f\000l\000i\000n\000e\000\040\000\050\000F\000R\000-\0002\0005\000\040\000t\000o\000\040\000F\000R\000-\0002\0007\000\051}{section.3.1}% 36
\BOOKMARK [2][-]{subsection.3.1.8}{\376\377\000F\000e\000e\000d\000b\000a\000c\000k\000\040\000\050\000F\000R\000-\0002\0008\000\040\000t\000o\000\040\000F\000R\000-\0003\0000\000\051}{section.3.1}% 37
\BOOKMARK [2][-]{subsection.3.1.9}{\376\377\000I\000n\000v\000e\000n\000t\000o\000r\000y\000\040\000\050\000F\000R\000-\0003\0001\000\040\000t\000o\000\040\000F\000R\000-\0003\0003\000\051}{section.3.1}% 38
\BOOKMARK [2][-]{subsection.3.1.10}{\376\377\000U\000s\000e\000r\000\040\000P\000r\000o\000f\000i\000l\000e\000\040\000\050\000F\000R\000-\0003\0004\000\051}{section.3.1}% 39
\BOOKMARK [2][-]{subsection.3.1.11}{\376\377\000G\000e\000o\000g\000r\000a\000p\000h\000i\000c\000\040\000N\000e\000e\000d\000\040\000M\000a\000p\000p\000i\000n\000g\000\040\000\050\000F\000R\000-\0003\0005\000\040\000t\000o\000\040\000F\000R\000-\0004\0004\000\051}{section.3.1}% 40
\BOOKMARK [1][-]{section.3.2}{\376\377\000N\000o\000n\000-\000F\000u\000n\000c\000t\000i\000o\000n\000a\000l\000\040\000R\000e\000q\000u\000i\000r\000e\000m\000e\000n\000t\000s}{chapter.3}% 41
\BOOKMARK [1][-]{section.3.3}{\376\377\000R\000e\000q\000u\000i\000r\000e\000m\000e\000n\000t\000s\000\040\000T\000r\000a\000c\000e\000a\000b\000i\000l\000i\000t\000y\000\040\000M\000a\000t\000r\000i\000x}{chapter.3}% 42
\BOOKMARK [0][-]{chapter.4}{\376\377\000S\000y\000s\000t\000e\000m\000\040\000M\000o\000d\000e\000l\000i\000n\000g\000\040\000\050\000D\000F\000D\000\040\000\046\000\040\000U\000M\000L\000\051}{}% 43
\BOOKMARK [1][-]{section.4.1}{\376\377\000C\000o\000n\000t\000e\000x\000t\000\040\000D\000i\000a\000g\000r\000a\000m\000\040\000\050\000L\000e\000v\000e\000l\000\040\0000\000\040\000D\000F\000D\000\051}{chapter.4}% 44
\BOOKMARK [1][-]{section.4.2}{\376\377\000L\000e\000v\000e\000l\000\040\0001\000\040\000D\000F\000D}{chapter.4}% 45
\BOOKMARK [1][-]{section.4.3}{\376\377\000L\000e\000v\000e\000l\000\040\0002\000\040\000D\000F\000D\000\040\040\024\000\040\000P\0003\000:\000\040\000D\000i\000s\000t\000r\000i\000b\000u\000t\000i\000o\000n\000\040\000L\000o\000g\000\040\000E\000n\000t\000r\000y}{chapter.4}% 46
\BOOKMARK [1][-]{section.4.4}{\376\377\000U\000s\000e\000\040\000C\000a\000s\000e\000\040\000D\000i\000a\000g\000r\000a\000m}{chapter.4}% 47
\BOOKMARK [1][-]{section.4.5}{\376\377\000C\000l\000a\000s\000s\000\040\000D\000i\000a\000g\000r\000a\000m}{chapter.4}% 48
\BOOKMARK [1][-]{section.4.6}{\376\377\000S\000e\000q\000u\000e\000n\000c\000e\000\040\000D\000i\000a\000g\000r\000a\000m\000s}{chapter.4}% 49
\BOOKMARK [2][-]{subsection.4.6.1}{\376\377\000S\000D\000-\0000\0001\000:\000\040\000H\000o\000u\000s\000e\000h\000o\000l\000d\000\040\000R\000e\000g\000i\000s\000t\000r\000a\000t\000i\000o\000n\000\040\000\050\000O\000f\000f\000l\000i\000n\000e\000\051}{section.4.6}% 50
\BOOKMARK [2][-]{subsection.4.6.2}{\376\377\000S\000D\000-\0000\0002\000:\000\040\000D\000i\000s\000t\000r\000i\000b\000u\000t\000i\000o\000n\000\040\000L\000o\000g\000\040\000w\000i\000t\000h\000\040\000D\000u\000p\000l\000i\000c\000a\000t\000e\000\040\000C\000h\000e\000c\000k}{section.4.6}% 51
\BOOKMARK [2][-]{subsection.4.6.3}{\376\377\000S\000D\000-\0000\0003\000:\000\040\000S\000y\000n\000c\000\040\000C\000o\000n\000f\000l\000i\000c\000t\000\040\000R\000e\000s\000o\000l\000u\000t\000i\000o\000n}{section.4.6}% 52
\BOOKMARK [2][-]{subsection.4.6.4}{\376\377\000S\000D\000-\0000\0004\000:\000\040\000N\000e\000e\000d\000\040\000C\000a\000l\000c\000u\000l\000a\000t\000i\000o\000n\000\040\000w\000i\000t\000h\000\040\000O\000v\000e\000r\000r\000i\000d\000e}{section.4.6}% 53
\BOOKMARK [2][-]{subsection.4.6.5}{\376\377\000S\000D\000-\0000\0005\000:\000\040\000P\000l\000e\000d\000g\000e\000\040\000D\000e\000c\000l\000a\000r\000a\000t\000i\000o\000n\000\040\000\040\000F\000u\000l\000f\000i\000l\000l\000m\000e\000n\000t}{section.4.6}% 54
\BOOKMARK [1][-]{section.4.7}{\376\377\000A\000c\000t\000i\000v\000i\000t\000y\000\040\000D\000i\000a\000g\000r\000a\000m\000s}{chapter.4}% 55
\BOOKMARK [2][-]{subsection.4.7.1}{\376\377\000R\000e\000l\000i\000e\000f\000\040\000D\000i\000s\000t\000r\000i\000b\000u\000t\000i\000o\000n\000\040\000W\000o\000r\000k\000f\000l\000o\000w}{section.4.7}% 56
\BOOKMARK [2][-]{subsection.4.7.2}{\376\377\000P\000l\000e\000d\000g\000e\000-\000t\000o\000-\000D\000i\000s\000t\000r\000i\000b\000u\000t\000i\000o\000n\000\040\000W\000o\000r\000k\000f\000l\000o\000w}{section.4.7}% 57
\BOOKMARK [0][-]{chapter.5}{\376\377\000D\000a\000t\000a\000b\000a\000s\000e\000\040\000D\000e\000s\000i\000g\000n\000\040\000\050\000E\000R\000D\000\051}{}% 58
\BOOKMARK [1][-]{section.5.1}{\376\377\000E\000n\000t\000i\000t\000y\000\040\000I\000d\000e\000n\000t\000i\000f\000i\000c\000a\000t\000i\000o\000n}{chapter.5}% 59
\BOOKMARK [1][-]{section.5.2}{\376\377\000E\000n\000t\000i\000t\000y\000-\000R\000e\000l\000a\000t\000i\000o\000n\000s\000h\000i\000p\000\040\000D\000i\000a\000g\000r\000a\000m}{chapter.5}% 60
\BOOKMARK [1][-]{section.5.3}{\376\377\000N\000o\000r\000m\000a\000l\000i\000z\000a\000t\000i\000o\000n}{chapter.5}% 61
\BOOKMARK [1][-]{section.5.4}{\376\377\000D\000a\000t\000a\000\040\000D\000i\000c\000t\000i\000o\000n\000a\000r\000y\000\040\000\050\000K\000e\000y\000\040\000T\000a\000b\000l\000e\000s\000\051}{chapter.5}% 62
\BOOKMARK [2][-]{subsection.5.4.1}{\376\377\000u\000s\000e\000r\000s}{section.5.4}% 63
\BOOKMARK [2][-]{subsection.5.4.2}{\376\377\000g\000e\000o\000g\000r\000a\000p\000h\000i\000c\000\137\000a\000r\000e\000a\000s}{section.5.4}% 64
\BOOKMARK [2][-]{subsection.5.4.3}{\376\377\000h\000o\000u\000s\000e\000h\000o\000l\000d\000s}{section.5.4}% 65
\BOOKMARK [2][-]{subsection.5.4.4}{\376\377\000d\000i\000s\000t\000r\000i\000b\000u\000t\000i\000o\000n\000\137\000l\000o\000g\000s}{section.5.4}% 66
\BOOKMARK [2][-]{subsection.5.4.5}{\376\377\000n\000e\000e\000d\000\137\000a\000s\000s\000e\000s\000s\000m\000e\000n\000t\000s}{section.5.4}% 67
\BOOKMARK [2][-]{subsection.5.4.6}{\376\377\000r\000e\000l\000i\000e\000f\000\137\000p\000l\000e\000d\000g\000e\000s}{section.5.4}% 68
\BOOKMARK [0][-]{chapter.6}{\376\377\000A\000r\000c\000h\000i\000t\000e\000c\000t\000u\000r\000e\000\040\000\046\000\040\000T\000e\000c\000h\000\040\000S\000t\000a\000c\000k}{}% 69
\BOOKMARK [1][-]{section.6.1}{\376\377\000S\000y\000s\000t\000e\000m\000\040\000A\000r\000c\000h\000i\000t\000e\000c\000t\000u\000r\000e\000\040\000O\000v\000e\000r\000v\000i\000e\000w}{chapter.6}% 70
\BOOKMARK [1][-]{section.6.2}{\376\377\000T\000e\000c\000h\000n\000o\000l\000o\000g\000y\000\040\000S\000t\000a\000c\000k}{chapter.6}% 71
\BOOKMARK [1][-]{section.6.3}{\376\377\000O\000f\000f\000l\000i\000n\000e\000-\000F\000i\000r\000s\000t\000\040\000A\000r\000c\000h\000i\000t\000e\000c\000t\000u\000r\000e}{chapter.6}% 72
\BOOKMARK [1][-]{section.6.4}{\376\377\000M\000a\000p\000\040\000\046\000\040\000H\000e\000a\000t\000m\000a\000p\000\040\000A\000r\000c\000h\000i\000t\000e\000c\000t\000u\000r\000e}{chapter.6}% 73
\BOOKMARK [0][-]{chapter.7}{\376\377\000U\000I\000/\000U\000X\000\040\000D\000e\000s\000i\000g\000n}{}% 74
\BOOKMARK [1][-]{section.7.1}{\376\377\000I\000n\000f\000o\000r\000m\000a\000t\000i\000o\000n\000\040\000A\000r\000c\000h\000i\000t\000e\000c\000t\000u\000r\000e}{chapter.7}% 75
\BOOKMARK [1][-]{section.7.2}{\376\377\000K\000e\000y\000\040\000U\000s\000e\000r\000\040\000F\000l\000o\000w\000s}{chapter.7}% 76
\BOOKMARK [2][-]{subsection.7.2.1}{\376\377\000F\000l\000o\000w\000\040\0001\000\040\040\024\000\040\000R\000e\000g\000i\000s\000t\000e\000r\000\040\000H\000o\000u\000s\000e\000h\000o\000l\000d}{section.7.2}% 77
\BOOKMARK [2][-]{subsection.7.2.2}{\376\377\000F\000l\000o\000w\000\040\0002\000\040\040\024\000\040\000L\000o\000g\000\040\000D\000i\000s\000t\000r\000i\000b\000u\000t\000i\000o\000n}{section.7.2}% 78
\BOOKMARK [2][-]{subsection.7.2.3}{\376\377\000F\000l\000o\000w\000\040\0003\000\040\040\024\000\040\000P\000u\000b\000l\000i\000c\000\040\000D\000a\000s\000h\000b\000o\000a\000r\000d}{section.7.2}% 79
\BOOKMARK [2][-]{subsection.7.2.4}{\376\377\000F\000l\000o\000w\000\040\0004\000\040\040\024\000\040\000C\000a\000l\000c\000u\000l\000a\000t\000e\000\040\000N\000e\000e\000d}{section.7.2}% 80
\BOOKMARK [2][-]{subsection.7.2.5}{\376\377\000F\000l\000o\000w\000\040\0005\000\040\040\024\000\040\000P\000l\000e\000d\000g\000e\000\040\000S\000o\000u\000r\000c\000e}{section.7.2}% 81
\BOOKMARK [1][-]{section.7.3}{\376\377\000D\000e\000s\000i\000g\000n\000\040\000S\000y\000s\000t\000e\000m}{chapter.7}% 82
\BOOKMARK [2][-]{subsection.7.3.1}{\376\377\000C\000o\000l\000o\000r\000\040\000P\000a\000l\000e\000t\000t\000e\000\040\000\050\000R\000e\000s\000u\000l\000t\0000\0009\000\040\000D\000e\000s\000i\000g\000n\000\040\000S\000y\000s\000t\000e\000m\000\051}{section.7.3}% 83
\BOOKMARK [2][-]{subsection.7.3.2}{\376\377\000T\000y\000p\000o\000g\000r\000a\000p\000h\000y}{section.7.3}% 84
\BOOKMARK [2][-]{subsection.7.3.3}{\376\377\000C\000o\000m\000p\000o\000n\000e\000n\000t\000\040\000S\000t\000a\000n\000d\000a\000r\000d\000s}{section.7.3}% 85
\BOOKMARK [1][-]{section.7.4}{\376\377\000A\000c\000c\000e\000s\000s\000i\000b\000i\000l\000i\000t\000y\000\040\000\046\000\040\000L\000o\000w\000-\000L\000i\000t\000e\000r\000a\000c\000y\000\040\000D\000e\000s\000i\000g\000n}{chapter.7}% 86
\BOOKMARK [0][-]{chapter.8}{\376\377\000I\000m\000p\000l\000e\000m\000e\000n\000t\000a\000t\000i\000o\000n\000\040\000P\000l\000a\000n}{}% 87
\BOOKMARK [1][-]{section.8.1}{\376\377\000P\000h\000a\000s\000e\000\040\0001\000:\000\040\000C\000o\000r\000e\000\040\000M\000o\000d\000u\000l\000e\000s\000\040\000\050\000W\000e\000e\000k\000s\000\040\0001\040\023\0001\0006\000\051}{chapter.8}% 88
\BOOKMARK [1][-]{section.8.2}{\376\377\000P\000h\000a\000s\000e\000\040\0002\000:\000\040\000v\0002\000\040\000F\000e\000a\000t\000u\000r\000e\000s\000\040\000\050\000P\000o\000s\000t\000-\000S\000e\000m\000e\000s\000t\000e\000r\000\051}{chapter.8}% 89
\BOOKMARK [1][-]{section.8.3}{\376\377\000D\000e\000v\000e\000l\000o\000p\000m\000e\000n\000t\000\040\000E\000n\000v\000i\000r\000o\000n\000m\000e\000n\000t}{chapter.8}% 90
\BOOKMARK [1][-]{section.8.4}{\376\377\000C\000o\000d\000i\000n\000g\000\040\000S\000t\000a\000n\000d\000a\000r\000d\000s}{chapter.8}% 91
\BOOKMARK [1][-]{section.8.5}{\376\377\000G\000i\000t\000\040\000B\000r\000a\000n\000c\000h\000i\000n\000g\000\040\000S\000t\000r\000a\000t\000e\000g\000y}{chapter.8}% 92
\BOOKMARK [0][-]{chapter.9}{\376\377\000T\000e\000s\000t\000i\000n\000g\000\040\000\046\000\040\000Q\000A}{}% 93
\BOOKMARK [1][-]{section.9.1}{\376\377\000T\000e\000s\000t\000\040\000P\000l\000a\000n}{chapter.9}% 94
\BOOKMARK [1][-]{section.9.2}{\376\377\000U\000n\000i\000t\000\040\000T\000e\000s\000t\000\040\000C\000a\000s\000e\000s\000\040\000\050\0002\0009\000\040\000P\000a\000s\000s\000i\000n\000g\000\051}{chapter.9}% 95
\BOOKMARK [1][-]{section.9.3}{\376\377\000I\000n\000t\000e\000g\000r\000a\000t\000i\000o\000n\000\040\000T\000e\000s\000t\000\040\000C\000a\000s\000e\000s\000\040\000\050\0007\000\040\000P\000a\000s\000s\000i\000n\000g\000\051}{chapter.9}% 96
\BOOKMARK [1][-]{section.9.4}{\376\377\000M\000o\000d\000u\000l\000e\000-\000S\000p\000e\000c\000i\000f\000i\000c\000\040\000T\000e\000s\000t\000s\000\040\000\050\000A\000d\000d\000i\000t\000i\000o\000n\000a\000l\000\051}{chapter.9}% 97
\BOOKMARK [1][-]{section.9.5}{\376\377\000U\000A\000T\000\040\000S\000c\000e\000n\000a\000r\000i\000o\000s}{chapter.9}% 98
\BOOKMARK [1][-]{section.9.6}{\376\377\000T\000e\000s\000t\000\040\000R\000e\000s\000u\000l\000t\000s\000\040\000S\000u\000m\000m\000a\000r\000y}{chapter.9}% 99
\BOOKMARK [0][-]{chapter.10}{\376\377\000S\000e\000c\000u\000r\000i\000t\000y\000\040\000\046\000\040\000A\000c\000c\000e\000s\000s\000\040\000C\000o\000n\000t\000r\000o\000l}{}% 100
\BOOKMARK [1][-]{section.10.1}{\376\377\000T\000h\000r\000e\000a\000t\000\040\000M\000o\000d\000e\000l\000\040\000\050\000S\000T\000R\000I\000D\000E\000\051}{chapter.10}% 101
\BOOKMARK [1][-]{section.10.2}{\376\377\000A\000u\000t\000h\000e\000n\000t\000i\000c\000a\000t\000i\000o\000n\000\040\000M\000e\000c\000h\000a\000n\000i\000s\000m}{chapter.10}% 102
\BOOKMARK [1][-]{section.10.3}{\376\377\000R\000o\000l\000e\000-\000B\000a\000s\000e\000d\000\040\000A\000c\000c\000e\000s\000s\000\040\000C\000o\000n\000t\000r\000o\000l}{chapter.10}% 103
\BOOKMARK [1][-]{section.10.4}{\376\377\000D\000a\000t\000a\000\040\000P\000r\000i\000v\000a\000c\000y\000\040\000D\000e\000s\000i\000g\000n}{chapter.10}% 104
\BOOKMARK [1][-]{section.10.5}{\376\377\000I\000n\000p\000u\000t\000\040\000V\000a\000l\000i\000d\000a\000t\000i\000o\000n\000\040\000\046\000\040\000I\000n\000j\000e\000c\000t\000i\000o\000n\000\040\000P\000r\000e\000v\000e\000n\000t\000i\000o\000n}{chapter.10}% 105
\BOOKMARK [0][-]{chapter.11}{\376\377\000D\000e\000p\000l\000o\000y\000m\000e\000n\000t\000\040\000\046\000\040\000M\000a\000i\000n\000t\000e\000n\000a\000n\000c\000e}{}% 106
\BOOKMARK [1][-]{section.11.1}{\376\377\000D\000e\000p\000l\000o\000y\000m\000e\000n\000t\000\040\000O\000v\000e\000r\000v\000i\000e\000w}{chapter.11}% 107
\BOOKMARK [1][-]{section.11.2}{\376\377\000D\000e\000p\000l\000o\000y\000m\000e\000n\000t\000\040\000S\000t\000e\000p\000s}{chapter.11}% 108
\BOOKMARK [2][-]{subsection.11.2.1}{\376\377\000P\000r\000e\000p\000a\000r\000e\000\040\000R\000e\000p\000o\000s\000i\000t\000o\000r\000y}{section.11.2}% 109
\BOOKMARK [2][-]{subsection.11.2.2}{\376\377\000S\000e\000t\000\040\000U\000p\000\040\000M\000o\000n\000g\000o\000D\000B\000\040\000A\000t\000l\000a\000s}{section.11.2}% 110
\BOOKMARK [2][-]{subsection.11.2.3}{\376\377\000D\000e\000p\000l\000o\000y\000\040\000B\000a\000c\000k\000e\000n\000d\000\040\000t\000o\000\040\000R\000a\000i\000l\000w\000a\000y}{section.11.2}% 111
\BOOKMARK [2][-]{subsection.11.2.4}{\376\377\000D\000e\000p\000l\000o\000y\000\040\000F\000r\000o\000n\000t\000e\000n\000d\000\040\000t\000o\000\040\000N\000e\000t\000l\000i\000f\000y}{section.11.2}% 112
\BOOKMARK [2][-]{subsection.11.2.5}{\376\377\000V\000e\000r\000i\000f\000y\000\040\000D\000e\000p\000l\000o\000y\000m\000e\000n\000t}{section.11.2}% 113
\BOOKMARK [1][-]{section.11.3}{\376\377\000E\000n\000v\000i\000r\000o\000n\000m\000e\000n\000t\000\040\000V\000a\000r\000i\000a\000b\000l\000e\000s}{chapter.11}% 114
\BOOKMARK [1][-]{section.11.4}{\376\377\000B\000a\000c\000k\000u\000p\000\040\000\046\000\040\000R\000e\000c\000o\000v\000e\000r\000y}{chapter.11}% 115
\BOOKMARK [1][-]{section.11.5}{\376\377\000F\000u\000t\000u\000r\000e\000\040\000R\000o\000a\000d\000m\000a\000p}{chapter.11}% 116
\BOOKMARK [0][-]{chapter.12}{\376\377\000P\000r\000o\000j\000e\000c\000t\000\040\000M\000a\000n\000a\000g\000e\000m\000e\000n\000t}{}% 117
\BOOKMARK [1][-]{section.12.1}{\376\377\000M\000e\000e\000t\000i\000n\000g\000\040\000M\000i\000n\000u\000t\000e\000s\000\040\000L\000o\000g}{chapter.12}% 118
\BOOKMARK [1][-]{section.12.2}{\376\377\000W\000e\000e\000k\000l\000y\000\040\000P\000r\000o\000g\000r\000e\000s\000s\000\040\000S\000u\000m\000m\000a\000r\000y}{chapter.12}% 119
\BOOKMARK [1][-]{section.12.3}{\376\377\000G\000i\000t\000\040\000D\000i\000s\000c\000i\000p\000l\000i\000n\000e}{chapter.12}% 120
\BOOKMARK [1][-]{section.12.4}{\376\377\000C\000h\000a\000n\000g\000e\000\040\000R\000e\000q\000u\000e\000s\000t\000\040\000L\000o\000g}{chapter.12}% 121
\BOOKMARK [1][-]{section.12.5}{\376\377\000R\000A\000C\000I\000\040\000C\000h\000a\000r\000t}{chapter.12}% 122
\BOOKMARK [0][-]{chapter.13}{\376\377\000R\000e\000f\000e\000r\000e\000n\000c\000e\000s\000\040\000\046\000\040\000B\000i\000b\000l\000i\000o\000g\000r\000a\000p\000h\000y}{}% 123
\BOOKMARK [1][-]{section.13.1}{\376\377\000A\000c\000a\000d\000e\000m\000i\000c\000\040\000\046\000\040\000R\000e\000s\000e\000a\000r\000c\000h\000\040\000R\000e\000f\000e\000r\000e\000n\000c\000e\000s}{chapter.13}% 124
\BOOKMARK [1][-]{section.13.2}{\376\377\000T\000e\000c\000h\000n\000i\000c\000a\000l\000\040\000R\000e\000f\000e\000r\000e\000n\000c\000e\000s}{chapter.13}% 125
\BOOKMARK [1][-]{section.13.3}{\376\377\000S\000t\000a\000n\000d\000a\000r\000d\000s\000\040\000\046\000\040\000F\000r\000a\000m\000e\000w\000o\000r\000k\000s}{chapter.13}% 126
\BOOKMARK [0][-]{chapter.14}{\376\377\000P\000r\000e\000s\000e\000n\000t\000a\000t\000i\000o\000n\000\040\000\046\000\040\000D\000e\000f\000e\000n\000s\000e}{}% 127
\BOOKMARK [1][-]{section.14.1}{\376\377\000P\000r\000e\000s\000e\000n\000t\000a\000t\000i\000o\000n\000\040\000S\000t\000r\000u\000c\000t\000u\000r\000e}{chapter.14}% 128
\BOOKMARK [1][-]{section.14.2}{\376\377\000L\000i\000v\000e\000\040\000D\000e\000m\000o\000\040\000W\000a\000l\000k\000t\000h\000r\000o\000u\000g\000h}{chapter.14}% 129
\BOOKMARK [1][-]{section.14.3}{\376\377\000K\000e\000y\000\040\000T\000a\000l\000k\000i\000n\000g\000\040\000P\000o\000i\000n\000t\000s}{chapter.14}% 130
\BOOKMARK [1][-]{section.14.4}{\376\377\000C\000o\000m\000m\000o\000n\000\040\000Q\000\046\000A\000\040\000P\000r\000e\000p\000a\000r\000a\000t\000i\000o\000n}{chapter.14}% 131
\BOOKMARK [0][-]{chapter.A}{\376\377\000P\000r\000o\000j\000e\000c\000t\000\040\000R\000e\000p\000o\000s\000i\000t\000o\000r\000y\000\040\000S\000t\000r\000u\000c\000t\000u\000r\000e}{}% 132
\BOOKMARK [1][-]{section.A.1}{\376\377\000R\000e\000p\000o\000s\000i\000t\000o\000r\000y\000\040\000L\000a\000y\000o\000u\000t}{chapter.A}% 133
\BOOKMARK [0][-]{chapter.B}{\376\377\000A\000P\000I\000\040\000E\000n\000d\000p\000o\000i\000n\000t\000\040\000S\000u\000m\000m\000a\000r\000y}{}% 134
\BOOKMARK [1][-]{section.B.1}{\376\377\000C\000o\000m\000p\000l\000e\000t\000e\000\040\000A\000P\000I\000\040\000E\000n\000d\000p\000o\000i\000n\000t\000\040\000I\000n\000v\000e\000n\000t\000o\000r\000y}{chapter.B}% 135
\BOOKMARK [1][-]{section.B.2}{\376\377\000S\000a\000m\000p\000l\000e\000\040\000A\000P\000I\000\040\000R\000e\000s\000p\000o\000n\000s\000e\000s}{chapter.B}% 136
\BOOKMARK [0][-]{chapter.C}{\376\377\000K\000e\000y\000\040\000D\000i\000a\000g\000r\000a\000m\000\040\000R\000e\000f\000e\000r\000e\000n\000c\000e\000s}{}% 137
\BOOKMARK [1][-]{section.C.1}{\376\377\000D\000i\000a\000g\000r\000a\000m\000\040\000I\000n\000v\000e\000n\000t\000o\000r\000y}{chapter.C}% 138
\BOOKMARK [1][-]{section.C.2}{\376\377\000T\000o\000o\000l\000\040\000C\000h\000a\000i\000n}{chapter.C}% 139
